{"D:\\INDRANEEL\\CODINGDEX\\College\\Hackathons\\prompt_wars4\\src\\App.css": {"path":"D:\\INDRANEEL\\CODINGDEX\\College\\Hackathons\\prompt_wars4\\src\\App.css","statementMap":{},"fnMap":{},"branchMap":{},"s":{},"f":{},"b":{},"meta":{"lastBranch":0,"lastFunction":0,"lastStatement":0,"seen":{},"fnNames":{}}}
,"D:\\INDRANEEL\\CODINGDEX\\College\\Hackathons\\prompt_wars4\\src\\App.jsx": {"path":"D:\\INDRANEEL\\CODINGDEX\\College\\Hackathons\\prompt_wars4\\src\\App.jsx","statementMap":{"0":{"start":{"line":14,"column":22},"end":{"line":20,"column":null}},"1":{"start":{"line":23,"column":20},"end":{"line":23,"column":null}},"2":{"start":{"line":24,"column":16},"end":{"line":24,"column":null}},"3":{"start":{"line":25,"column":15},"end":{"line":25,"column":null}},"4":{"start":{"line":26,"column":16},"end":{"line":26,"column":null}},"5":{"start":{"line":29,"column":26},"end":{"line":29,"column":null}},"6":{"start":{"line":30,"column":19},"end":{"line":30,"column":null}},"7":{"start":{"line":31,"column":20},"end":{"line":31,"column":null}},"8":{"start":{"line":32,"column":19},"end":{"line":32,"column":null}},"9":{"start":{"line":35,"column":16},"end":{"line":40,"column":null}},"10":{"start":{"line":41,"column":24},"end":{"line":41,"column":null}},"11":{"start":{"line":42,"column":23},"end":{"line":42,"column":null}},"12":{"start":{"line":43,"column":24},"end":{"line":43,"column":null}},"13":{"start":{"line":46,"column":2},"end":{"line":49,"column":null}},"14":{"start":{"line":47,"column":4},"end":{"line":47,"column":null}},"15":{"start":{"line":48,"column":4},"end":{"line":48,"column":null}},"16":{"start":{"line":51,"column":8},"end":{"line":65,"column":null}},"17":{"start":{"line":52,"column":4},"end":{"line":63,"column":null}},"18":{"start":{"line":53,"column":22},"end":{"line":59,"column":null}},"19":{"start":{"line":60,"column":6},"end":{"line":60,"column":null}},"20":{"start":{"line":60,"column":23},"end":{"line":60,"column":117}},"21":{"start":{"line":60,"column":37},"end":{"line":60,"column":100}},"22":{"start":{"line":62,"column":6},"end":{"line":62,"column":null}},"23":{"start":{"line":62,"column":23},"end":{"line":62,"column":135}},"24":{"start":{"line":62,"column":37},"end":{"line":62,"column":134}},"25":{"start":{"line":64,"column":4},"end":{"line":64,"column":null}},"26":{"start":{"line":68,"column":2},"end":{"line":72,"column":null}},"27":{"start":{"line":69,"column":4},"end":{"line":71,"column":null}},"28":{"start":{"line":70,"column":6},"end":{"line":70,"column":null}},"29":{"start":{"line":75,"column":2},"end":{"line":89,"column":null}},"30":{"start":{"line":76,"column":21},"end":{"line":87,"column":null}},"31":{"start":{"line":77,"column":6},"end":{"line":86,"column":null}},"32":{"start":{"line":77,"column":23},"end":{"line":86,"column":8}},"33":{"start":{"line":78,"column":26},"end":{"line":78,"column":null}},"34":{"start":{"line":79,"column":25},"end":{"line":79,"column":null}},"35":{"start":{"line":81,"column":24},"end":{"line":81,"column":null}},"36":{"start":{"line":82,"column":8},"end":{"line":83,"column":null}},"37":{"start":{"line":82,"column":29},"end":{"line":82,"column":null}},"38":{"start":{"line":83,"column":13},"end":{"line":83,"column":null}},"39":{"start":{"line":83,"column":34},"end":{"line":83,"column":null}},"40":{"start":{"line":85,"column":8},"end":{"line":85,"column":null}},"41":{"start":{"line":88,"column":4},"end":{"line":88,"column":null}},"42":{"start":{"line":88,"column":17},"end":{"line":88,"column":null}},"43":{"start":{"line":91,"column":2},"end":{"line":93,"column":null}},"44":{"start":{"line":92,"column":4},"end":{"line":92,"column":null}},"45":{"start":{"line":92,"column":49},"end":{"line":92,"column":68}},"46":{"start":{"line":92,"column":68},"end":{"line":92,"column":94}},"47":{"start":{"line":95,"column":2},"end":{"line":174,"column":null}},"48":{"start":{"line":108,"column":91},"end":{"line":108,"column":118}},"49":{"start":{"line":150,"column":41},"end":{"line":150,"column":null}},"50":{"start":{"line":166,"column":67},"end":{"line":166,"column":106}}},"fnMap":{"0":{"name":"App","decl":{"start":{"line":22,"column":9},"end":{"line":22,"column":15}},"loc":{"start":{"line":22,"column":15},"end":{"line":176,"column":null}},"line":22},"1":{"name":"(anonymous_1)","decl":{"start":{"line":46,"column":2},"end":{"line":46,"column":18}},"loc":{"start":{"line":46,"column":18},"end":{"line":49,"column":5}},"line":46},"2":{"name":"(anonymous_2)","decl":{"start":{"line":51,"column":8},"end":{"line":51,"column":26}},"loc":{"start":{"line":51,"column":35},"end":{"line":65,"column":null}},"line":51},"3":{"name":"(anonymous_3)","decl":{"start":{"line":60,"column":6},"end":{"line":60,"column":15}},"loc":{"start":{"line":60,"column":23},"end":{"line":60,"column":117}},"line":60},"4":{"name":"(anonymous_4)","decl":{"start":{"line":60,"column":28},"end":{"line":60,"column":32}},"loc":{"start":{"line":60,"column":37},"end":{"line":60,"column":100}},"line":60},"5":{"name":"(anonymous_5)","decl":{"start":{"line":62,"column":6},"end":{"line":62,"column":15}},"loc":{"start":{"line":62,"column":23},"end":{"line":62,"column":135}},"line":62},"6":{"name":"(anonymous_6)","decl":{"start":{"line":62,"column":28},"end":{"line":62,"column":32}},"loc":{"start":{"line":62,"column":37},"end":{"line":62,"column":134}},"line":62},"7":{"name":"(anonymous_7)","decl":{"start":{"line":68,"column":2},"end":{"line":68,"column":18}},"loc":{"start":{"line":68,"column":18},"end":{"line":72,"column":5}},"line":68},"8":{"name":"(anonymous_8)","decl":{"start":{"line":75,"column":2},"end":{"line":75,"column":18}},"loc":{"start":{"line":75,"column":18},"end":{"line":89,"column":5}},"line":75},"9":{"name":"(anonymous_9)","decl":{"start":{"line":76,"column":21},"end":{"line":76,"column":39}},"loc":{"start":{"line":76,"column":39},"end":{"line":87,"column":7}},"line":76},"10":{"name":"(anonymous_10)","decl":{"start":{"line":77,"column":6},"end":{"line":77,"column":15}},"loc":{"start":{"line":77,"column":23},"end":{"line":86,"column":8}},"line":77},"11":{"name":"(anonymous_11)","decl":{"start":{"line":77,"column":28},"end":{"line":77,"column":32}},"loc":{"start":{"line":77,"column":40},"end":{"line":86,"column":7}},"line":77},"12":{"name":"(anonymous_12)","decl":{"start":{"line":88,"column":4},"end":{"line":88,"column":17}},"loc":{"start":{"line":88,"column":17},"end":{"line":88,"column":null}},"line":88},"13":{"name":"(anonymous_13)","decl":{"start":{"line":92,"column":24},"end":{"line":92,"column":34}},"loc":{"start":{"line":92,"column":47},"end":{"line":92,"column":98}},"line":92},"14":{"name":"(anonymous_14)","decl":{"start":{"line":108,"column":76},"end":{"line":108,"column":91}},"loc":{"start":{"line":108,"column":91},"end":{"line":108,"column":118}},"line":108},"15":{"name":"(anonymous_15)","decl":{"start":{"line":150,"column":24},"end":{"line":150,"column":35}},"loc":{"start":{"line":150,"column":41},"end":{"line":150,"column":null}},"line":150},"16":{"name":"(anonymous_16)","decl":{"start":{"line":166,"column":52},"end":{"line":166,"column":67}},"loc":{"start":{"line":166,"column":67},"end":{"line":166,"column":106}},"line":166}},"branchMap":{"0":{"loc":{"start":{"line":26,"column":37},"end":{"line":26,"column":77}},"type":"binary-expr","locations":[{"start":{"line":26,"column":37},"end":{"line":26,"column":70}},{"start":{"line":26,"column":70},"end":{"line":26,"column":77}}],"line":26},"1":{"loc":{"start":{"line":52,"column":4},"end":{"line":63,"column":null}},"type":"if","locations":[{"start":{"line":52,"column":4},"end":{"line":63,"column":null}},{"start":{"line":61,"column":11},"end":{"line":63,"column":null}}],"line":52},"2":{"loc":{"start":{"line":52,"column":8},"end":{"line":52,"column":57}},"type":"binary-expr","locations":[{"start":{"line":52,"column":8},"end":{"line":52,"column":38}},{"start":{"line":52,"column":38},"end":{"line":52,"column":57}}],"line":52},"3":{"loc":{"start":{"line":60,"column":37},"end":{"line":60,"column":100}},"type":"cond-expr","locations":[{"start":{"line":60,"column":56},"end":{"line":60,"column":99}},{"start":{"line":60,"column":99},"end":{"line":60,"column":100}}],"line":60},"4":{"loc":{"start":{"line":62,"column":37},"end":{"line":62,"column":134}},"type":"cond-expr","locations":[{"start":{"line":62,"column":56},"end":{"line":62,"column":133}},{"start":{"line":62,"column":133},"end":{"line":62,"column":134}}],"line":62},"5":{"loc":{"start":{"line":69,"column":4},"end":{"line":71,"column":null}},"type":"if","locations":[{"start":{"line":69,"column":4},"end":{"line":71,"column":null}},{"start":{},"end":{}}],"line":69},"6":{"loc":{"start":{"line":82,"column":8},"end":{"line":83,"column":null}},"type":"if","locations":[{"start":{"line":82,"column":8},"end":{"line":83,"column":null}},{"start":{"line":83,"column":13},"end":{"line":83,"column":null}}],"line":82},"7":{"loc":{"start":{"line":83,"column":13},"end":{"line":83,"column":null}},"type":"if","locations":[{"start":{"line":83,"column":13},"end":{"line":83,"column":null}},{"start":{},"end":{}}],"line":83},"8":{"loc":{"start":{"line":91,"column":2},"end":{"line":93,"column":null}},"type":"if","locations":[{"start":{"line":91,"column":2},"end":{"line":93,"column":null}},{"start":{},"end":{}}],"line":91},"9":{"loc":{"start":{"line":101,"column":64},"end":{"line":101,"column":134}},"type":"cond-expr","locations":[{"start":{"line":101,"column":91},"end":{"line":101,"column":120}},{"start":{"line":101,"column":120},"end":{"line":101,"column":134}}],"line":101},"10":{"loc":{"start":{"line":114,"column":9},"end":{"line":114,"column":null}},"type":"binary-expr","locations":[{"start":{"line":114,"column":9},"end":{"line":114,"column":37}},{"start":{"line":114,"column":37},"end":{"line":114,"column":null}}],"line":114},"11":{"loc":{"start":{"line":115,"column":9},"end":{"line":122,"column":null}},"type":"binary-expr","locations":[{"start":{"line":115,"column":9},"end":{"line":115,"column":null}},{"start":{"line":116,"column":10},"end":{"line":122,"column":null}}],"line":115},"12":{"loc":{"start":{"line":124,"column":9},"end":{"line":131,"column":null}},"type":"binary-expr","locations":[{"start":{"line":124,"column":9},"end":{"line":124,"column":null}},{"start":{"line":125,"column":10},"end":{"line":131,"column":null}}],"line":124},"13":{"loc":{"start":{"line":133,"column":9},"end":{"line":133,"column":null}},"type":"binary-expr","locations":[{"start":{"line":133,"column":9},"end":{"line":133,"column":38}},{"start":{"line":133,"column":38},"end":{"line":133,"column":null}}],"line":133},"14":{"loc":{"start":{"line":134,"column":9},"end":{"line":169,"column":null}},"type":"binary-expr","locations":[{"start":{"line":134,"column":9},"end":{"line":134,"column":null}},{"start":{"line":135,"column":10},"end":{"line":169,"column":null}}],"line":134}},"s":{"0":1,"1":3,"2":3,"3":3,"4":3,"5":3,"6":3,"7":3,"8":3,"9":3,"10":3,"11":3,"12":3,"13":3,"14":2,"15":2,"16":3,"17":0,"18":0,"19":0,"20":0,"21":0,"22":0,"23":0,"24":0,"25":0,"26":3,"27":2,"28":0,"29":3,"30":2,"31":0,"32":0,"33":0,"34":0,"35":0,"36":0,"37":0,"38":0,"39":0,"40":0,"41":2,"42":2,"43":3,"44":2,"45":1,"46":1,"47":1,"48":0,"49":0,"50":0},"f":{"0":3,"1":2,"2":0,"3":0,"4":0,"5":0,"6":0,"7":2,"8":2,"9":0,"10":0,"11":0,"12":2,"13":1,"14":0,"15":0,"16":0},"b":{"0":[3,1],"1":[0,0],"2":[0,0],"3":[0,0],"4":[0,0],"5":[0,2],"6":[0,0],"7":[0,0],"8":[2,1],"9":[1,0],"10":[3,1],"11":[3,0],"12":[3,0],"13":[3,0],"14":[3,0]},"meta":{"lastBranch":15,"lastFunction":17,"lastStatement":51,"seen":{"s:14:22:20:Infinity":0,"f:22:9:22:15":0,"s:23:20:23:Infinity":1,"s:24:16:24:Infinity":2,"s:25:15:25:Infinity":3,"s:26:16:26:Infinity":4,"b:26:37:26:70:26:70:26:77":0,"s:29:26:29:Infinity":5,"s:30:19:30:Infinity":6,"s:31:20:31:Infinity":7,"s:32:19:32:Infinity":8,"s:35:16:40:Infinity":9,"s:41:24:41:Infinity":10,"s:42:23:42:Infinity":11,"s:43:24:43:Infinity":12,"s:46:2:49:Infinity":13,"f:46:2:46:18":1,"s:47:4:47:Infinity":14,"s:48:4:48:Infinity":15,"s:51:8:65:Infinity":16,"f:51:8:51:26":2,"b:52:4:63:Infinity:61:11:63:Infinity":1,"s:52:4:63:Infinity":17,"b:52:8:52:38:52:38:52:57":2,"s:53:22:59:Infinity":18,"s:60:6:60:Infinity":19,"f:60:6:60:15":3,"s:60:23:60:117":20,"f:60:28:60:32":4,"s:60:37:60:100":21,"b:60:56:60:99:60:99:60:100":3,"s:62:6:62:Infinity":22,"f:62:6:62:15":5,"s:62:23:62:135":23,"f:62:28:62:32":6,"s:62:37:62:134":24,"b:62:56:62:133:62:133:62:134":4,"s:64:4:64:Infinity":25,"s:68:2:72:Infinity":26,"f:68:2:68:18":7,"b:69:4:71:Infinity:undefined:undefined:undefined:undefined":5,"s:69:4:71:Infinity":27,"s:70:6:70:Infinity":28,"s:75:2:89:Infinity":29,"f:75:2:75:18":8,"s:76:21:87:Infinity":30,"f:76:21:76:39":9,"s:77:6:86:Infinity":31,"f:77:6:77:15":10,"s:77:23:86:8":32,"f:77:28:77:32":11,"s:78:26:78:Infinity":33,"s:79:25:79:Infinity":34,"s:81:24:81:Infinity":35,"b:82:8:83:Infinity:83:13:83:Infinity":6,"s:82:8:83:Infinity":36,"s:82:29:82:Infinity":37,"b:83:13:83:Infinity:undefined:undefined:undefined:undefined":7,"s:83:13:83:Infinity":38,"s:83:34:83:Infinity":39,"s:85:8:85:Infinity":40,"s:88:4:88:Infinity":41,"f:88:4:88:17":12,"s:88:17:88:Infinity":42,"b:91:2:93:Infinity:undefined:undefined:undefined:undefined":8,"s:91:2:93:Infinity":43,"s:92:4:92:Infinity":44,"f:92:24:92:34":13,"s:92:49:92:68":45,"s:92:68:92:94":46,"s:95:2:174:Infinity":47,"b:101:91:101:120:101:120:101:134":9,"f:108:76:108:91":14,"s:108:91:108:118":48,"b:114:9:114:37:114:37:114:Infinity":10,"b:115:9:115:Infinity:116:10:122:Infinity":11,"b:124:9:124:Infinity:125:10:131:Infinity":12,"b:133:9:133:38:133:38:133:Infinity":13,"b:134:9:134:Infinity:135:10:169:Infinity":14,"f:150:24:150:35":15,"s:150:41:150:Infinity":49,"f:166:52:166:67":16,"s:166:67:166:106":50},"fnNames":{}}}
,"D:\\INDRANEEL\\CODINGDEX\\College\\Hackathons\\prompt_wars4\\src\\LandingPage.css": {"path":"D:\\INDRANEEL\\CODINGDEX\\College\\Hackathons\\prompt_wars4\\src\\LandingPage.css","statementMap":{},"fnMap":{},"branchMap":{},"s":{},"f":{},"b":{},"meta":{"lastBranch":0,"lastFunction":0,"lastStatement":0,"seen":{},"fnNames":{}}}
,"D:\\INDRANEEL\\CODINGDEX\\College\\Hackathons\\prompt_wars4\\src\\LandingPage.jsx": {"path":"D:\\INDRANEEL\\CODINGDEX\\College\\Hackathons\\prompt_wars4\\src\\LandingPage.jsx","statementMap":{"0":{"start":{"line":6,"column":18},"end":{"line":6,"column":null}},"1":{"start":{"line":7,"column":14},"end":{"line":7,"column":null}},"2":{"start":{"line":8,"column":15},"end":{"line":8,"column":null}},"3":{"start":{"line":10,"column":8},"end":{"line":17,"column":null}},"4":{"start":{"line":11,"column":4},"end":{"line":11,"column":null}},"5":{"start":{"line":14,"column":4},"end":{"line":16,"column":null}},"6":{"start":{"line":15,"column":6},"end":{"line":15,"column":null}},"7":{"start":{"line":19,"column":2},"end":{"line":89,"column":null}},"8":{"start":{"line":50,"column":33},"end":{"line":50,"column":null}},"9":{"start":{"line":64,"column":33},"end":{"line":64,"column":null}},"10":{"start":{"line":76,"column":33},"end":{"line":76,"column":null}},"11":{"start":{"line":93,"column":0},"end":{"line":95,"column":null}}},"fnMap":{"0":{"name":"LandingPage","decl":{"start":{"line":5,"column":9},"end":{"line":5,"column":21}},"loc":{"start":{"line":5,"column":34},"end":{"line":91,"column":null}},"line":5},"1":{"name":"(anonymous_1)","decl":{"start":{"line":10,"column":22},"end":{"line":10,"column":35}},"loc":{"start":{"line":10,"column":41},"end":{"line":17,"column":5}},"line":10},"2":{"name":"(anonymous_2)","decl":{"start":{"line":50,"column":16},"end":{"line":50,"column":27}},"loc":{"start":{"line":50,"column":33},"end":{"line":50,"column":null}},"line":50},"3":{"name":"(anonymous_3)","decl":{"start":{"line":64,"column":16},"end":{"line":64,"column":27}},"loc":{"start":{"line":64,"column":33},"end":{"line":64,"column":null}},"line":64},"4":{"name":"(anonymous_4)","decl":{"start":{"line":76,"column":16},"end":{"line":76,"column":27}},"loc":{"start":{"line":76,"column":33},"end":{"line":76,"column":null}},"line":76}},"branchMap":{"0":{"loc":{"start":{"line":14,"column":4},"end":{"line":16,"column":null}},"type":"if","locations":[{"start":{"line":14,"column":4},"end":{"line":16,"column":null}},{"start":{},"end":{}}],"line":14},"1":{"loc":{"start":{"line":14,"column":8},"end":{"line":14,"column":24}},"type":"binary-expr","locations":[{"start":{"line":14,"column":8},"end":{"line":14,"column":19}},{"start":{"line":14,"column":19},"end":{"line":14,"column":24}}],"line":14}},"s":{"0":8,"1":8,"2":8,"3":8,"4":2,"5":2,"6":2,"7":8,"8":2,"9":2,"10":0,"11":2},"f":{"0":8,"1":2,"2":2,"3":2,"4":0},"b":{"0":[2,0],"1":[2,2]},"meta":{"lastBranch":2,"lastFunction":5,"lastStatement":12,"seen":{"f:5:9:5:21":0,"s:6:18:6:Infinity":0,"s:7:14:7:Infinity":1,"s:8:15:8:Infinity":2,"s:10:8:17:Infinity":3,"f:10:22:10:35":1,"s:11:4:11:Infinity":4,"b:14:4:16:Infinity:undefined:undefined:undefined:undefined":0,"s:14:4:16:Infinity":5,"b:14:8:14:19:14:19:14:24":1,"s:15:6:15:Infinity":6,"s:19:2:89:Infinity":7,"f:50:16:50:27":2,"s:50:33:50:Infinity":8,"f:64:16:64:27":3,"s:64:33:64:Infinity":9,"f:76:16:76:27":4,"s:76:33:76:Infinity":10,"s:93:0:95:Infinity":11},"fnNames":{}}}
,"D:\\INDRANEEL\\CODINGDEX\\College\\Hackathons\\prompt_wars4\\src\\components\\Chatbot.jsx": {"path":"D:\\INDRANEEL\\CODINGDEX\\College\\Hackathons\\prompt_wars4\\src\\components\\Chatbot.jsx","statementMap":{"0":{"start":{"line":6,"column":20},"end":{"line":6,"column":null}},"1":{"start":{"line":7,"column":19},"end":{"line":9,"column":null}},"2":{"start":{"line":10,"column":19},"end":{"line":10,"column":null}},"3":{"start":{"line":11,"column":21},"end":{"line":11,"column":null}},"4":{"start":{"line":12,"column":8},"end":{"line":12,"column":null}},"5":{"start":{"line":14,"column":2},"end":{"line":16,"column":null}},"6":{"start":{"line":15,"column":4},"end":{"line":15,"column":null}},"7":{"start":{"line":18,"column":28},"end":{"line":44,"column":null}},"8":{"start":{"line":19,"column":4},"end":{"line":19,"column":null}},"9":{"start":{"line":20,"column":4},"end":{"line":20,"column":null}},"10":{"start":{"line":20,"column":27},"end":{"line":20,"column":null}},"11":{"start":{"line":22,"column":24},"end":{"line":22,"column":null}},"12":{"start":{"line":23,"column":4},"end":{"line":23,"column":null}},"13":{"start":{"line":23,"column":24},"end":{"line":23,"column":70}},"14":{"start":{"line":24,"column":4},"end":{"line":24,"column":null}},"15":{"start":{"line":25,"column":4},"end":{"line":25,"column":null}},"16":{"start":{"line":27,"column":4},"end":{"line":43,"column":null}},"17":{"start":{"line":28,"column":23},"end":{"line":32,"column":null}},"18":{"start":{"line":33,"column":19},"end":{"line":33,"column":null}},"19":{"start":{"line":35,"column":6},"end":{"line":35,"column":null}},"20":{"start":{"line":35,"column":22},"end":{"line":35,"column":null}},"21":{"start":{"line":37,"column":6},"end":{"line":37,"column":null}},"22":{"start":{"line":37,"column":26},"end":{"line":37,"column":68}},"23":{"start":{"line":39,"column":6},"end":{"line":39,"column":null}},"24":{"start":{"line":40,"column":6},"end":{"line":40,"column":null}},"25":{"start":{"line":40,"column":26},"end":{"line":40,"column":92}},"26":{"start":{"line":42,"column":6},"end":{"line":42,"column":null}},"27":{"start":{"line":46,"column":2},"end":{"line":88,"column":null}},"28":{"start":{"line":48,"column":53},"end":{"line":48,"column":81}},"29":{"start":{"line":59,"column":84},"end":{"line":59,"column":106}},"30":{"start":{"line":63,"column":14},"end":{"line":65,"column":null}},"31":{"start":{"line":80,"column":31},"end":{"line":80,"column":null}},"32":{"start":{"line":92,"column":0},"end":{"line":94,"column":null}}},"fnMap":{"0":{"name":"Chatbot","decl":{"start":{"line":5,"column":9},"end":{"line":5,"column":17}},"loc":{"start":{"line":5,"column":28},"end":{"line":90,"column":null}},"line":5},"1":{"name":"(anonymous_1)","decl":{"start":{"line":14,"column":2},"end":{"line":14,"column":18}},"loc":{"start":{"line":14,"column":18},"end":{"line":16,"column":5}},"line":14},"2":{"name":"(anonymous_2)","decl":{"start":{"line":18,"column":28},"end":{"line":18,"column":35}},"loc":{"start":{"line":18,"column":41},"end":{"line":44,"column":null}},"line":18},"3":{"name":"(anonymous_3)","decl":{"start":{"line":23,"column":4},"end":{"line":23,"column":16}},"loc":{"start":{"line":23,"column":24},"end":{"line":23,"column":70}},"line":23},"4":{"name":"(anonymous_4)","decl":{"start":{"line":37,"column":6},"end":{"line":37,"column":18}},"loc":{"start":{"line":37,"column":26},"end":{"line":37,"column":68}},"line":37},"5":{"name":"(anonymous_5)","decl":{"start":{"line":40,"column":6},"end":{"line":40,"column":18}},"loc":{"start":{"line":40,"column":26},"end":{"line":40,"column":92}},"line":40},"6":{"name":"(anonymous_6)","decl":{"start":{"line":48,"column":38},"end":{"line":48,"column":53}},"loc":{"start":{"line":48,"column":53},"end":{"line":48,"column":81}},"line":48},"7":{"name":"(anonymous_7)","decl":{"start":{"line":59,"column":69},"end":{"line":59,"column":84}},"loc":{"start":{"line":59,"column":84},"end":{"line":59,"column":106}},"line":59},"8":{"name":"(anonymous_8)","decl":{"start":{"line":62,"column":22},"end":{"line":62,"column":27}},"loc":{"start":{"line":63,"column":14},"end":{"line":65,"column":null}},"line":63},"9":{"name":"(anonymous_9)","decl":{"start":{"line":80,"column":14},"end":{"line":80,"column":25}},"loc":{"start":{"line":80,"column":31},"end":{"line":80,"column":null}},"line":80}},"branchMap":{"0":{"loc":{"start":{"line":20,"column":4},"end":{"line":20,"column":null}},"type":"if","locations":[{"start":{"line":20,"column":4},"end":{"line":20,"column":null}},{"start":{},"end":{}}],"line":20},"1":{"loc":{"start":{"line":35,"column":6},"end":{"line":35,"column":null}},"type":"if","locations":[{"start":{"line":35,"column":6},"end":{"line":35,"column":null}},{"start":{},"end":{}}],"line":35},"2":{"loc":{"start":{"line":52,"column":7},"end":{"line":88,"column":null}},"type":"binary-expr","locations":[{"start":{"line":52,"column":7},"end":{"line":52,"column":null}},{"start":{"line":53,"column":8},"end":{"line":88,"column":null}}],"line":52},"3":{"loc":{"start":{"line":67,"column":13},"end":{"line":68,"column":null}},"type":"binary-expr","locations":[{"start":{"line":67,"column":13},"end":{"line":67,"column":null}},{"start":{"line":68,"column":14},"end":{"line":68,"column":null}}],"line":67},"4":{"loc":{"start":{"line":82,"column":65},"end":{"line":82,"column":96}},"type":"binary-expr","locations":[{"start":{"line":82,"column":65},"end":{"line":82,"column":86}},{"start":{"line":82,"column":86},"end":{"line":82,"column":96}}],"line":82}},"s":{"0":1,"1":1,"2":1,"3":1,"4":1,"5":1,"6":1,"7":1,"8":0,"9":0,"10":0,"11":0,"12":0,"13":0,"14":0,"15":0,"16":0,"17":0,"18":0,"19":0,"20":0,"21":0,"22":0,"23":0,"24":0,"25":0,"26":0,"27":1,"28":0,"29":0,"30":0,"31":0,"32":1},"f":{"0":1,"1":1,"2":0,"3":0,"4":0,"5":0,"6":0,"7":0,"8":0,"9":0},"b":{"0":[0,0],"1":[0,0],"2":[1,0],"3":[0,0],"4":[0,0]},"meta":{"lastBranch":5,"lastFunction":10,"lastStatement":33,"seen":{"f:5:9:5:17":0,"s:6:20:6:Infinity":0,"s:7:19:9:Infinity":1,"s:10:19:10:Infinity":2,"s:11:21:11:Infinity":3,"s:12:8:12:Infinity":4,"s:14:2:16:Infinity":5,"f:14:2:14:18":1,"s:15:4:15:Infinity":6,"s:18:28:44:Infinity":7,"f:18:28:18:35":2,"s:19:4:19:Infinity":8,"b:20:4:20:Infinity:undefined:undefined:undefined:undefined":0,"s:20:4:20:Infinity":9,"s:20:27:20:Infinity":10,"s:22:24:22:Infinity":11,"s:23:4:23:Infinity":12,"f:23:4:23:16":3,"s:23:24:23:70":13,"s:24:4:24:Infinity":14,"s:25:4:25:Infinity":15,"s:27:4:43:Infinity":16,"s:28:23:32:Infinity":17,"s:33:19:33:Infinity":18,"b:35:6:35:Infinity:undefined:undefined:undefined:undefined":1,"s:35:6:35:Infinity":19,"s:35:22:35:Infinity":20,"s:37:6:37:Infinity":21,"f:37:6:37:18":4,"s:37:26:37:68":22,"s:39:6:39:Infinity":23,"s:40:6:40:Infinity":24,"f:40:6:40:18":5,"s:40:26:40:92":25,"s:42:6:42:Infinity":26,"s:46:2:88:Infinity":27,"f:48:38:48:53":6,"s:48:53:48:81":28,"b:52:7:52:Infinity:53:8:88:Infinity":2,"f:59:69:59:84":7,"s:59:84:59:106":29,"f:62:22:62:27":8,"s:63:14:65:Infinity":30,"b:67:13:67:Infinity:68:14:68:Infinity":3,"f:80:14:80:25":9,"s:80:31:80:Infinity":31,"b:82:65:82:86:82:86:82:96":4,"s:92:0:94:Infinity":32},"fnNames":{}}}
,"D:\\INDRANEEL\\CODINGDEX\\College\\Hackathons\\prompt_wars4\\src\\components\\Dashboard.jsx": {"path":"D:\\INDRANEEL\\CODINGDEX\\College\\Hackathons\\prompt_wars4\\src\\components\\Dashboard.jsx","statementMap":{"0":{"start":{"line":5,"column":2},"end":{"line":61,"column":null}},"1":{"start":{"line":11,"column":67},"end":{"line":11,"column":82}},"2":{"start":{"line":15,"column":10},"end":{"line":23,"column":null}},"3":{"start":{"line":31,"column":118},"end":{"line":31,"column":145}},"4":{"start":{"line":36,"column":12},"end":{"line":57,"column":null}},"5":{"start":{"line":65,"column":0},"end":{"line":69,"column":null}}},"fnMap":{"0":{"name":"Dashboard","decl":{"start":{"line":4,"column":9},"end":{"line":4,"column":19}},"loc":{"start":{"line":4,"column":51},"end":{"line":63,"column":null}},"line":4},"1":{"name":"(anonymous_1)","decl":{"start":{"line":11,"column":48},"end":{"line":11,"column":56}},"loc":{"start":{"line":11,"column":67},"end":{"line":11,"column":82}},"line":11},"2":{"name":"(anonymous_2)","decl":{"start":{"line":14,"column":10},"end":{"line":14,"column":15}},"loc":{"start":{"line":15,"column":10},"end":{"line":23,"column":null}},"line":15},"3":{"name":"(anonymous_3)","decl":{"start":{"line":31,"column":103},"end":{"line":31,"column":118}},"loc":{"start":{"line":31,"column":118},"end":{"line":31,"column":145}},"line":31},"4":{"name":"(anonymous_4)","decl":{"start":{"line":35,"column":17},"end":{"line":35,"column":21}},"loc":{"start":{"line":36,"column":12},"end":{"line":57,"column":null}},"line":36}},"branchMap":{"0":{"loc":{"start":{"line":38,"column":17},"end":{"line":41,"column":17}},"type":"cond-expr","locations":[{"start":{"line":38,"column":46},"end":{"line":39,"column":22}},{"start":{"line":39,"column":17},"end":{"line":41,"column":17}}],"line":38},"1":{"loc":{"start":{"line":39,"column":17},"end":{"line":41,"column":17}},"type":"cond-expr","locations":[{"start":{"line":39,"column":45},"end":{"line":40,"column":18}},{"start":{"line":40,"column":17},"end":{"line":41,"column":17}}],"line":39},"2":{"loc":{"start":{"line":51,"column":32},"end":{"line":51,"column":null}},"type":"cond-expr","locations":[{"start":{"line":51,"column":61},"end":{"line":51,"column":83}},{"start":{"line":51,"column":83},"end":{"line":51,"column":null}}],"line":51},"3":{"loc":{"start":{"line":51,"column":83},"end":{"line":51,"column":null}},"type":"cond-expr","locations":[{"start":{"line":51,"column":111},"end":{"line":51,"column":136}},{"start":{"line":51,"column":136},"end":{"line":51,"column":null}}],"line":51}},"s":{"0":1,"1":4,"2":4,"3":0,"4":5,"5":1},"f":{"0":1,"1":4,"2":4,"3":0,"4":5},"b":{"0":[1,4],"1":[1,3],"2":[1,4],"3":[1,3]},"meta":{"lastBranch":4,"lastFunction":5,"lastStatement":6,"seen":{"f:4:9:4:19":0,"s:5:2:61:Infinity":0,"f:11:48:11:56":1,"s:11:67:11:82":1,"f:14:10:14:15":2,"s:15:10:23:Infinity":2,"f:31:103:31:118":3,"s:31:118:31:145":3,"f:35:17:35:21":4,"s:36:12:57:Infinity":4,"b:38:46:39:22:39:17:41:17":0,"b:39:45:40:18:40:17:41:17":1,"b:51:61:51:83:51:83:51:Infinity":2,"b:51:111:51:136:51:136:51:Infinity":3,"s:65:0:69:Infinity":5},"fnNames":{}}}
,"D:\\INDRANEEL\\CODINGDEX\\College\\Hackathons\\prompt_wars4\\src\\components\\Incidents.jsx": {"path":"D:\\INDRANEEL\\CODINGDEX\\College\\Hackathons\\prompt_wars4\\src\\components\\Incidents.jsx","statementMap":{"0":{"start":{"line":2,"column":2},"end":{"line":25,"column":null}},"1":{"start":{"line":7,"column":92},"end":{"line":7,"column":134}},"2":{"start":{"line":15,"column":12},"end":{"line":21,"column":null}},"3":{"start":{"line":20,"column":94},"end":{"line":20,"column":138}}},"fnMap":{"0":{"name":"Incidents","decl":{"start":{"line":1,"column":9},"end":{"line":1,"column":21}},"loc":{"start":{"line":1,"column":21},"end":{"line":27,"column":null}},"line":1},"1":{"name":"(anonymous_1)","decl":{"start":{"line":7,"column":77},"end":{"line":7,"column":92}},"loc":{"start":{"line":7,"column":92},"end":{"line":7,"column":134}},"line":7},"2":{"name":"(anonymous_2)","decl":{"start":{"line":14,"column":12},"end":{"line":14,"column":17}},"loc":{"start":{"line":15,"column":12},"end":{"line":21,"column":null}},"line":15},"3":{"name":"(anonymous_3)","decl":{"start":{"line":20,"column":79},"end":{"line":20,"column":94}},"loc":{"start":{"line":20,"column":94},"end":{"line":20,"column":138}},"line":20}},"branchMap":{"0":{"loc":{"start":{"line":15,"column":109},"end":{"line":15,"column":236}},"type":"cond-expr","locations":[{"start":{"line":15,"column":139},"end":{"line":15,"column":161}},{"start":{"line":15,"column":161},"end":{"line":15,"column":236}}],"line":15},"1":{"loc":{"start":{"line":15,"column":161},"end":{"line":15,"column":236}},"type":"cond-expr","locations":[{"start":{"line":15,"column":187},"end":{"line":15,"column":212}},{"start":{"line":15,"column":212},"end":{"line":15,"column":236}}],"line":15}},"s":{"0":0,"1":0,"2":0,"3":0},"f":{"0":0,"1":0,"2":0,"3":0},"b":{"0":[0,0],"1":[0,0]},"meta":{"lastBranch":2,"lastFunction":4,"lastStatement":4,"seen":{"f:1:9:1:21":0,"s:2:2:25:Infinity":0,"f:7:77:7:92":1,"s:7:92:7:134":1,"f:14:12:14:17":2,"s:15:12:21:Infinity":2,"b:15:139:15:161:15:161:15:236":0,"b:15:187:15:212:15:212:15:236":1,"f:20:79:20:94":3,"s:20:94:20:138":3},"fnNames":{}}}
,"D:\\INDRANEEL\\CODINGDEX\\College\\Hackathons\\prompt_wars4\\src\\components\\Sidebar.jsx": {"path":"D:\\INDRANEEL\\CODINGDEX\\College\\Hackathons\\prompt_wars4\\src\\components\\Sidebar.jsx","statementMap":{"0":{"start":{"line":5,"column":19},"end":{"line":10,"column":null}},"1":{"start":{"line":12,"column":2},"end":{"line":59,"column":null}},"2":{"start":{"line":21,"column":10},"end":{"line":29,"column":null}},"3":{"start":{"line":24,"column":27},"end":{"line":24,"column":null}},"4":{"start":{"line":34,"column":25},"end":{"line":34,"column":null}},"5":{"start":{"line":44,"column":25},"end":{"line":44,"column":null}},"6":{"start":{"line":63,"column":0},"end":{"line":68,"column":null}}},"fnMap":{"0":{"name":"Sidebar","decl":{"start":{"line":4,"column":9},"end":{"line":4,"column":17}},"loc":{"start":{"line":4,"column":61},"end":{"line":61,"column":null}},"line":4},"1":{"name":"(anonymous_1)","decl":{"start":{"line":20,"column":18},"end":{"line":20,"column":22}},"loc":{"start":{"line":21,"column":10},"end":{"line":29,"column":null}},"line":21},"2":{"name":"(anonymous_2)","decl":{"start":{"line":24,"column":12},"end":{"line":24,"column":27}},"loc":{"start":{"line":24,"column":27},"end":{"line":24,"column":null}},"line":24},"3":{"name":"(anonymous_3)","decl":{"start":{"line":34,"column":10},"end":{"line":34,"column":25}},"loc":{"start":{"line":34,"column":25},"end":{"line":34,"column":null}},"line":34},"4":{"name":"(anonymous_4)","decl":{"start":{"line":44,"column":10},"end":{"line":44,"column":25}},"loc":{"start":{"line":44,"column":25},"end":{"line":44,"column":null}},"line":44}},"branchMap":{"0":{"loc":{"start":{"line":8,"column":4},"end":{"line":8,"column":null}},"type":"cond-expr","locations":[{"start":{"line":8,"column":29},"end":{"line":8,"column":87}},{"start":{"line":8,"column":87},"end":{"line":8,"column":null}}],"line":8},"1":{"loc":{"start":{"line":23,"column":35},"end":{"line":23,"column":null}},"type":"cond-expr","locations":[{"start":{"line":23,"column":60},"end":{"line":23,"column":71}},{"start":{"line":23,"column":71},"end":{"line":23,"column":null}}],"line":23},"2":{"loc":{"start":{"line":33,"column":33},"end":{"line":33,"column":null}},"type":"cond-expr","locations":[{"start":{"line":33,"column":60},"end":{"line":33,"column":71}},{"start":{"line":33,"column":71},"end":{"line":33,"column":null}}],"line":33},"3":{"loc":{"start":{"line":49,"column":15},"end":{"line":49,"column":null}},"type":"cond-expr","locations":[{"start":{"line":49,"column":25},"end":{"line":49,"column":65}},{"start":{"line":49,"column":65},"end":{"line":49,"column":null}}],"line":49}},"s":{"0":1,"1":1,"2":4,"3":0,"4":0,"5":0,"6":1},"f":{"0":1,"1":4,"2":0,"3":0,"4":0},"b":{"0":[1,0],"1":[1,3],"2":[0,1],"3":[1,0]},"meta":{"lastBranch":4,"lastFunction":5,"lastStatement":7,"seen":{"f:4:9:4:17":0,"s:5:19:10:Infinity":0,"b:8:29:8:87:8:87:8:Infinity":0,"s:12:2:59:Infinity":1,"f:20:18:20:22":1,"s:21:10:29:Infinity":2,"b:23:60:23:71:23:71:23:Infinity":1,"f:24:12:24:27":2,"s:24:27:24:Infinity":3,"b:33:60:33:71:33:71:33:Infinity":2,"f:34:10:34:25":3,"s:34:25:34:Infinity":4,"f:44:10:44:25":4,"s:44:25:44:Infinity":5,"b:49:25:49:65:49:65:49:Infinity":3,"s:63:0:68:Infinity":6},"fnNames":{}}}
,"D:\\INDRANEEL\\CODINGDEX\\College\\Hackathons\\prompt_wars4\\src\\components\\StaffDeployment.jsx": {"path":"D:\\INDRANEEL\\CODINGDEX\\College\\Hackathons\\prompt_wars4\\src\\components\\StaffDeployment.jsx","statementMap":{"0":{"start":{"line":5,"column":2},"end":{"line":53,"column":null}},"1":{"start":{"line":8,"column":90},"end":{"line":8,"column":105}},"2":{"start":{"line":11,"column":12},"end":{"line":49,"column":null}},"3":{"start":{"line":23,"column":35},"end":{"line":23,"column":null}},"4":{"start":{"line":26,"column":36},"end":{"line":26,"column":87}},"5":{"start":{"line":32,"column":35},"end":{"line":32,"column":null}},"6":{"start":{"line":35,"column":128},"end":{"line":35,"column":147}},"7":{"start":{"line":36,"column":126},"end":{"line":36,"column":150}},"8":{"start":{"line":43,"column":20},"end":{"line":43,"column":null}},"9":{"start":{"line":44,"column":20},"end":{"line":44,"column":null}},"10":{"start":{"line":45,"column":20},"end":{"line":45,"column":null}},"11":{"start":{"line":57,"column":0},"end":{"line":67,"column":null}}},"fnMap":{"0":{"name":"StaffDeployment","decl":{"start":{"line":4,"column":9},"end":{"line":4,"column":25}},"loc":{"start":{"line":4,"column":156},"end":{"line":55,"column":null}},"line":4},"1":{"name":"(anonymous_1)","decl":{"start":{"line":8,"column":71},"end":{"line":8,"column":79}},"loc":{"start":{"line":8,"column":90},"end":{"line":8,"column":105}},"line":8},"2":{"name":"(anonymous_2)","decl":{"start":{"line":10,"column":17},"end":{"line":10,"column":22}},"loc":{"start":{"line":11,"column":12},"end":{"line":49,"column":null}},"line":11},"3":{"name":"(anonymous_3)","decl":{"start":{"line":23,"column":20},"end":{"line":23,"column":30}},"loc":{"start":{"line":23,"column":35},"end":{"line":23,"column":null}},"line":23},"4":{"name":"(anonymous_4)","decl":{"start":{"line":26,"column":27},"end":{"line":26,"column":31}},"loc":{"start":{"line":26,"column":36},"end":{"line":26,"column":87}},"line":26},"5":{"name":"(anonymous_5)","decl":{"start":{"line":32,"column":20},"end":{"line":32,"column":30}},"loc":{"start":{"line":32,"column":35},"end":{"line":32,"column":null}},"line":32},"6":{"name":"(anonymous_6)","decl":{"start":{"line":35,"column":113},"end":{"line":35,"column":128}},"loc":{"start":{"line":35,"column":128},"end":{"line":35,"column":147}},"line":35},"7":{"name":"(anonymous_7)","decl":{"start":{"line":36,"column":111},"end":{"line":36,"column":126}},"loc":{"start":{"line":36,"column":126},"end":{"line":36,"column":150}},"line":36},"8":{"name":"(anonymous_8)","decl":{"start":{"line":42,"column":83},"end":{"line":42,"column":98}},"loc":{"start":{"line":42,"column":98},"end":{"line":46,"column":21}},"line":42}},"branchMap":{"0":{"loc":{"start":{"line":19,"column":15},"end":{"line":49,"column":null}},"type":"cond-expr","locations":[{"start":{"line":20,"column":16},"end":{"line":39,"column":17}},{"start":{"line":39,"column":16},"end":{"line":49,"column":null}}],"line":19},"1":{"loc":{"start":{"line":41,"column":40},"end":{"line":41,"column":161}},"type":"cond-expr","locations":[{"start":{"line":41,"column":64},"end":{"line":41,"column":88}},{"start":{"line":41,"column":88},"end":{"line":41,"column":161}}],"line":41},"2":{"loc":{"start":{"line":41,"column":88},"end":{"line":41,"column":161}},"type":"cond-expr","locations":[{"start":{"line":41,"column":114},"end":{"line":41,"column":137}},{"start":{"line":41,"column":137},"end":{"line":41,"column":161}}],"line":41},"3":{"loc":{"start":{"line":44,"column":36},"end":{"line":44,"column":66}},"type":"binary-expr","locations":[{"start":{"line":44,"column":36},"end":{"line":44,"column":54}},{"start":{"line":44,"column":54},"end":{"line":44,"column":66}}],"line":44}},"s":{"0":0,"1":0,"2":0,"3":0,"4":0,"5":0,"6":0,"7":0,"8":0,"9":0,"10":0,"11":1},"f":{"0":0,"1":0,"2":0,"3":0,"4":0,"5":0,"6":0,"7":0,"8":0},"b":{"0":[0,0],"1":[0,0],"2":[0,0],"3":[0,0]},"meta":{"lastBranch":4,"lastFunction":9,"lastStatement":12,"seen":{"f:4:9:4:25":0,"s:5:2:53:Infinity":0,"f:8:71:8:79":1,"s:8:90:8:105":1,"f:10:17:10:22":2,"s:11:12:49:Infinity":2,"b:20:16:39:17:39:16:49:Infinity":0,"f:23:20:23:30":3,"s:23:35:23:Infinity":3,"f:26:27:26:31":4,"s:26:36:26:87":4,"f:32:20:32:30":5,"s:32:35:32:Infinity":5,"f:35:113:35:128":6,"s:35:128:35:147":6,"f:36:111:36:126":7,"s:36:126:36:150":7,"b:41:64:41:88:41:88:41:161":1,"b:41:114:41:137:41:137:41:161":2,"f:42:83:42:98":8,"s:43:20:43:Infinity":8,"s:44:20:44:Infinity":9,"b:44:36:44:54:44:54:44:66":3,"s:45:20:45:Infinity":10,"s:57:0:67:Infinity":11},"fnNames":{}}}
,"D:\\INDRANEEL\\CODINGDEX\\College\\Hackathons\\prompt_wars4\\src\\components\\ZoneMap.jsx": {"path":"D:\\INDRANEEL\\CODINGDEX\\College\\Hackathons\\prompt_wars4\\src\\components\\ZoneMap.jsx","statementMap":{"0":{"start":{"line":4,"column":2},"end":{"line":69,"column":null}},"1":{"start":{"line":10,"column":25},"end":{"line":10,"column":null}},"2":{"start":{"line":20,"column":83},"end":{"line":20,"column":120}},"3":{"start":{"line":24,"column":83},"end":{"line":24,"column":121}},"4":{"start":{"line":28,"column":103},"end":{"line":28,"column":140}},"5":{"start":{"line":49,"column":14},"end":{"line":63,"column":null}},"6":{"start":{"line":73,"column":0},"end":{"line":83,"column":null}}},"fnMap":{"0":{"name":"ZoneMap","decl":{"start":{"line":3,"column":9},"end":{"line":3,"column":17}},"loc":{"start":{"line":3,"column":136},"end":{"line":71,"column":null}},"line":3},"1":{"name":"(anonymous_1)","decl":{"start":{"line":10,"column":10},"end":{"line":10,"column":25}},"loc":{"start":{"line":10,"column":25},"end":{"line":10,"column":null}},"line":10},"2":{"name":"(anonymous_2)","decl":{"start":{"line":20,"column":66},"end":{"line":20,"column":77}},"loc":{"start":{"line":20,"column":83},"end":{"line":20,"column":120}},"line":20},"3":{"name":"(anonymous_3)","decl":{"start":{"line":24,"column":66},"end":{"line":24,"column":77}},"loc":{"start":{"line":24,"column":83},"end":{"line":24,"column":121}},"line":24},"4":{"name":"(anonymous_4)","decl":{"start":{"line":28,"column":86},"end":{"line":28,"column":97}},"loc":{"start":{"line":28,"column":103},"end":{"line":28,"column":140}},"line":28},"5":{"name":"(anonymous_5)","decl":{"start":{"line":48,"column":19},"end":{"line":48,"column":24}},"loc":{"start":{"line":49,"column":14},"end":{"line":63,"column":null}},"line":49}},"branchMap":{"0":{"loc":{"start":{"line":12,"column":11},"end":{"line":12,"column":null}},"type":"cond-expr","locations":[{"start":{"line":12,"column":29},"end":{"line":12,"column":48}},{"start":{"line":12,"column":48},"end":{"line":12,"column":null}}],"line":12},"1":{"loc":{"start":{"line":16,"column":7},"end":{"line":30,"column":null}},"type":"binary-expr","locations":[{"start":{"line":16,"column":7},"end":{"line":16,"column":null}},{"start":{"line":17,"column":8},"end":{"line":30,"column":null}}],"line":16},"2":{"loc":{"start":{"line":49,"column":14},"end":{"line":63,"column":null}},"type":"cond-expr","locations":[{"start":{"line":51,"column":16},"end":{"line":58,"column":null}},{"start":{"line":61,"column":16},"end":{"line":63,"column":null}}],"line":49},"3":{"loc":{"start":{"line":54,"column":24},"end":{"line":54,"column":null}},"type":"cond-expr","locations":[{"start":{"line":54,"column":53},"end":{"line":54,"column":75}},{"start":{"line":54,"column":75},"end":{"line":54,"column":null}}],"line":54},"4":{"loc":{"start":{"line":54,"column":75},"end":{"line":54,"column":null}},"type":"cond-expr","locations":[{"start":{"line":54,"column":103},"end":{"line":54,"column":128}},{"start":{"line":54,"column":128},"end":{"line":54,"column":null}}],"line":54}},"s":{"0":0,"1":0,"2":0,"3":0,"4":0,"5":0,"6":1},"f":{"0":0,"1":0,"2":0,"3":0,"4":0,"5":0},"b":{"0":[0,0],"1":[0,0],"2":[0,0],"3":[0,0],"4":[0,0]},"meta":{"lastBranch":5,"lastFunction":6,"lastStatement":7,"seen":{"f:3:9:3:17":0,"s:4:2:69:Infinity":0,"f:10:10:10:25":1,"s:10:25:10:Infinity":1,"b:12:29:12:48:12:48:12:Infinity":0,"b:16:7:16:Infinity:17:8:30:Infinity":1,"f:20:66:20:77":2,"s:20:83:20:120":2,"f:24:66:24:77":3,"s:24:83:24:121":3,"f:28:86:28:97":4,"s:28:103:28:140":4,"f:48:19:48:24":5,"s:49:14:63:Infinity":5,"b:51:16:58:Infinity:61:16:63:Infinity":2,"b:54:53:54:75:54:75:54:Infinity":3,"b:54:103:54:128:54:128:54:Infinity":4,"s:73:0:83:Infinity":6},"fnNames":{}}}
,"D:\\INDRANEEL\\CODINGDEX\\College\\Hackathons\\prompt_wars4\\src\\utils\\stadiumGenerator.js": {"path":"D:\\INDRANEEL\\CODINGDEX\\College\\Hackathons\\prompt_wars4\\src\\utils\\stadiumGenerator.js","statementMap":{"0":{"start":{"line":2,"column":8},"end":{"line":2,"column":null}},"1":{"start":{"line":3,"column":2},"end":{"line":6,"column":null}},"2":{"start":{"line":10,"column":21},"end":{"line":10,"column":null}},"3":{"start":{"line":11,"column":19},"end":{"line":11,"column":null}},"4":{"start":{"line":12,"column":21},"end":{"line":12,"column":null}},"5":{"start":{"line":13,"column":19},"end":{"line":13,"column":null}},"6":{"start":{"line":15,"column":23},"end":{"line":15,"column":null}},"7":{"start":{"line":17,"column":12},"end":{"line":23,"column":null}},"8":{"start":{"line":25,"column":2},"end":{"line":25,"column":null}},"9":{"start":{"line":29,"column":18},"end":{"line":29,"column":null}},"10":{"start":{"line":30,"column":18},"end":{"line":30,"column":null}},"11":{"start":{"line":31,"column":27},"end":{"line":31,"column":null}},"12":{"start":{"line":32,"column":27},"end":{"line":32,"column":null}},"13":{"start":{"line":33,"column":24},"end":{"line":33,"column":null}},"14":{"start":{"line":34,"column":19},"end":{"line":34,"column":null}},"15":{"start":{"line":36,"column":19},"end":{"line":36,"column":null}},"16":{"start":{"line":38,"column":2},"end":{"line":71,"column":null}},"17":{"start":{"line":38,"column":19},"end":{"line":38,"column":22}},"18":{"start":{"line":39,"column":25},"end":{"line":39,"column":null}},"19":{"start":{"line":40,"column":25},"end":{"line":40,"column":null}},"20":{"start":{"line":41,"column":25},"end":{"line":41,"column":null}},"21":{"start":{"line":42,"column":25},"end":{"line":42,"column":null}},"22":{"start":{"line":45,"column":21},"end":{"line":45,"column":null}},"23":{"start":{"line":46,"column":23},"end":{"line":46,"column":null}},"24":{"start":{"line":48,"column":4},"end":{"line":70,"column":null}},"25":{"start":{"line":48,"column":17},"end":{"line":48,"column":20}},"26":{"start":{"line":49,"column":25},"end":{"line":49,"column":null}},"27":{"start":{"line":50,"column":21},"end":{"line":50,"column":null}},"28":{"start":{"line":53,"column":6},"end":{"line":53,"column":null}},"29":{"start":{"line":53,"column":23},"end":{"line":53,"column":null}},"30":{"start":{"line":56,"column":22},"end":{"line":56,"column":null}},"31":{"start":{"line":57,"column":19},"end":{"line":57,"column":null}},"32":{"start":{"line":58,"column":6},"end":{"line":59,"column":null}},"33":{"start":{"line":58,"column":24},"end":{"line":58,"column":null}},"34":{"start":{"line":59,"column":11},"end":{"line":59,"column":null}},"35":{"start":{"line":59,"column":29},"end":{"line":59,"column":null}},"36":{"start":{"line":61,"column":6},"end":{"line":69,"column":null}},"37":{"start":{"line":73,"column":2},"end":{"line":73,"column":null}}},"fnMap":{"0":{"name":"polarToCartesian","decl":{"start":{"line":1,"column":16},"end":{"line":1,"column":33}},"loc":{"start":{"line":1,"column":85},"end":{"line":7,"column":null}},"line":1},"1":{"name":"describeAnnularSector","decl":{"start":{"line":9,"column":16},"end":{"line":9,"column":38}},"loc":{"start":{"line":9,"column":122},"end":{"line":26,"column":null}},"line":9},"2":{"name":"generateStadiumData","decl":{"start":{"line":28,"column":16},"end":{"line":28,"column":36}},"loc":{"start":{"line":28,"column":61},"end":{"line":74,"column":null}},"line":28}},"branchMap":{"0":{"loc":{"start":{"line":15,"column":23},"end":{"line":15,"column":null}},"type":"cond-expr","locations":[{"start":{"line":15,"column":54},"end":{"line":15,"column":60}},{"start":{"line":15,"column":60},"end":{"line":15,"column":null}}],"line":15},"1":{"loc":{"start":{"line":34,"column":19},"end":{"line":34,"column":null}},"type":"cond-expr","locations":[{"start":{"line":34,"column":31},"end":{"line":34,"column":65}},{"start":{"line":34,"column":65},"end":{"line":34,"column":null}}],"line":34},"2":{"loc":{"start":{"line":46,"column":23},"end":{"line":46,"column":null}},"type":"cond-expr","locations":[{"start":{"line":46,"column":31},"end":{"line":46,"column":78}},{"start":{"line":46,"column":78},"end":{"line":46,"column":null}}],"line":46},"3":{"loc":{"start":{"line":53,"column":6},"end":{"line":53,"column":null}},"type":"if","locations":[{"start":{"line":53,"column":6},"end":{"line":53,"column":null}},{"start":{},"end":{}}],"line":53},"4":{"loc":{"start":{"line":58,"column":6},"end":{"line":59,"column":null}},"type":"if","locations":[{"start":{"line":58,"column":6},"end":{"line":59,"column":null}},{"start":{"line":59,"column":11},"end":{"line":59,"column":null}}],"line":58},"5":{"loc":{"start":{"line":59,"column":11},"end":{"line":59,"column":null}},"type":"if","locations":[{"start":{"line":59,"column":11},"end":{"line":59,"column":null}},{"start":{},"end":{}}],"line":59}},"s":{"0":0,"1":0,"2":0,"3":0,"4":0,"5":0,"6":0,"7":0,"8":0,"9":0,"10":0,"11":0,"12":0,"13":0,"14":0,"15":0,"16":0,"17":0,"18":0,"19":0,"20":0,"21":0,"22":0,"23":0,"24":0,"25":0,"26":0,"27":0,"28":0,"29":0,"30":0,"31":0,"32":0,"33":0,"34":0,"35":0,"36":0,"37":0},"f":{"0":0,"1":0,"2":0},"b":{"0":[0,0],"1":[0,0],"2":[0,0],"3":[0,0],"4":[0,0],"5":[0,0]},"meta":{"lastBranch":6,"lastFunction":3,"lastStatement":38,"seen":{"f:1:16:1:33":0,"s:2:8:2:Infinity":0,"s:3:2:6:Infinity":1,"f:9:16:9:38":1,"s:10:21:10:Infinity":2,"s:11:19:11:Infinity":3,"s:12:21:12:Infinity":4,"s:13:19:13:Infinity":5,"s:15:23:15:Infinity":6,"b:15:54:15:60:15:60:15:Infinity":0,"s:17:12:23:Infinity":7,"s:25:2:25:Infinity":8,"f:28:16:28:36":2,"s:29:18:29:Infinity":9,"s:30:18:30:Infinity":10,"s:31:27:31:Infinity":11,"s:32:27:32:Infinity":12,"s:33:24:33:Infinity":13,"s:34:19:34:Infinity":14,"b:34:31:34:65:34:65:34:Infinity":1,"s:36:19:36:Infinity":15,"s:38:2:71:Infinity":16,"s:38:19:38:22":17,"s:39:25:39:Infinity":18,"s:40:25:40:Infinity":19,"s:41:25:41:Infinity":20,"s:42:25:42:Infinity":21,"s:45:21:45:Infinity":22,"s:46:23:46:Infinity":23,"b:46:31:46:78:46:78:46:Infinity":2,"s:48:4:70:Infinity":24,"s:48:17:48:20":25,"s:49:25:49:Infinity":26,"s:50:21:50:Infinity":27,"b:53:6:53:Infinity:undefined:undefined:undefined:undefined":3,"s:53:6:53:Infinity":28,"s:53:23:53:Infinity":29,"s:56:22:56:Infinity":30,"s:57:19:57:Infinity":31,"b:58:6:59:Infinity:59:11:59:Infinity":4,"s:58:6:59:Infinity":32,"s:58:24:58:Infinity":33,"b:59:11:59:Infinity:undefined:undefined:undefined:undefined":5,"s:59:11:59:Infinity":34,"s:59:29:59:Infinity":35,"s:61:6:69:Infinity":36,"s:73:2:73:Infinity":37},"fnNames":{}}}
}
